<?xml version="1.0" encoding="UTF-8"?>
<!-- Generated by org.testng.reporters.JUnitXMLReporter -->
<testsuite ignored="2" hostname="DESKTOP-8DNRIMP" failures="0" tests="6" name="Test1chrome" time="247.208" errors="0" timestamp="2025-03-04T15:47:12 IST">
  <testcase classname="contacts.Working_with_Cnt_TC_baseclassTest" name="Contacts_06" time="51.7"/>
  <testcase classname="contacts.Working_with_Cnt_TC_baseclassTest" name="contacs_02" time="22.127"/>
  <testcase classname="contacts.Working_with_Cnt_TC_baseclassTest" name="contacts_01" time="19.462"/>
  <testcase classname="organization.Working_with_Org_TC_baseclassTest" name="organization_01" time="25.776"/>
  <testcase classname="organization.Working_with_Org_TC_baseclassTest" name="organization_02" time="23.055"/>
  <testcase classname="organization.Working_with_Org_TC_baseclassTest" name="organization_03" time="22.909"/>
  <testcase classname="com.comcast.crm.generic.baseclass.Baseclass" name="@BeforeSuite configBS" time="0.0">
    <ignored/>
  </testcase> <!-- @BeforeSuite configBS -->
  <testcase classname="com.comcast.crm.generic.baseclass.Baseclass" name="@AfterSuite configAS" time="0.0">
    <ignored/>
  </testcase> <!-- @AfterSuite configAS -->
</testsuite> <!-- Test1chrome -->
