<?xml version="1.0" encoding="UTF-8"?>
<!-- Generated by org.testng.reporters.JUnitXMLReporter -->
<testsuite ignored="2" hostname="DESKTOP-UQJIA5A" failures="0" tests="6" name="Test" time="82.953" errors="0" timestamp="27 Feb 2025 12:03:42 GMT">
  <testcase classname="contacts.Working_with_Cnt_TC_baseclassTest" name="Contacts_06" time="16.488"/>
  <testcase classname="contacts.Working_with_Cnt_TC_baseclassTest" name="contacs_02" time="7.679"/>
  <testcase classname="contacts.Working_with_Cnt_TC_baseclassTest" name="contacts_01" time="7.623"/>
  <testcase classname="organization.Working_with_Org_TC_baseclassTest" name="organization_01" time="8.83"/>
  <testcase classname="organization.Working_with_Org_TC_baseclassTest" name="organization_02" time="8.402"/>
  <testcase classname="organization.Working_with_Org_TC_baseclassTest" name="organization_03" time="8.002"/>
  <testcase classname="com.comcast.crm.generic.baseclass.Baseclass" name="@AfterSuite configAS" time="0.0">
    <ignored/>
  </testcase> <!-- @AfterSuite configAS -->
  <testcase classname="com.comcast.crm.generic.baseclass.Baseclass" name="@BeforeSuite configBS" time="0.0">
    <ignored/>
  </testcase> <!-- @BeforeSuite configBS -->
</testsuite> <!-- Test -->
