<?xml version="1.0" encoding="UTF-8"?>
<!-- Generated by org.testng.reporters.JUnitXMLReporter -->
<testsuite ignored="0" hostname="DESKTOP-8DNRIMP" failures="0" tests="3" name="Default test" time="136.517" errors="0" timestamp="2025-03-04T17:08:25 IST">
  <testcase classname="contacts.Working_with_Cnt_TC_baseclassTest" name="Contacts_06" time="54.866"/>
  <testcase classname="contacts.Working_with_Cnt_TC_baseclassTest" name="contacs_02" time="20.525"/>
  <testcase classname="contacts.Working_with_Cnt_TC_baseclassTest" name="contacts_01" time="20.067"/>
</testsuite> <!-- Default test -->
