<?xml version="1.0" encoding="UTF-8"?>
<!-- Generated by org.testng.reporters.JUnitXMLReporter -->
<testsuite ignored="0" hostname="DESKTOP-UQJIA5A" failures="0" tests="3" name="Default test" time="67.09" errors="0" timestamp="27 Feb 2025 10:27:31 GMT">
  <testcase classname="organization.Working_with_Org_TC_baseclass" name="organization_01" time="16.223"/>
  <testcase classname="organization.Working_with_Org_TC_baseclass" name="organization_02" time="14.291"/>
  <testcase classname="organization.Working_with_Org_TC_baseclass" name="organization_03" time="13.25"/>
</testsuite> <!-- Default test -->
