<?xml version="1.0" encoding="UTF-8"?>
<testng-results ignored="0" total="1" passed="1" failed="0" skipped="0">
  <reporter-output>
  </reporter-output>
  <suite started-at="2025-03-04T17:49:05 IST" name="Default suite" finished-at="2025-03-04T17:49:22 IST" duration-ms="16802">
    <groups>
    </groups>
    <test started-at="2025-03-04T17:49:05 IST" name="Default test" finished-at="2025-03-04T17:49:22 IST" duration-ms="16802">
      <class name="hii.hrtest">
        <test-method signature="orgtest()[pri:0, instance:hii.hrtest@5e600dd5]" started-at="2025-03-04T17:49:05 IST" name="orgtest" finished-at="2025-03-04T17:49:22 IST" duration-ms="16703" status="PASS">
          <reporter-output>
          </reporter-output>
        </test-method> <!-- orgtest -->
      </class> <!-- hii.hrtest -->
    </test> <!-- Default test -->
  </suite> <!-- Default suite -->
</testng-results>
