<?xml version="1.0" encoding="UTF-8"?>
<testng-results ignored="0" total="3" passed="3" failed="0" skipped="0">
  <reporter-output>
  </reporter-output>
  <suite started-at="2025-03-03T05:02:16Z" name="Default suite" finished-at="2025-03-03T05:04:53Z" duration-ms="156745">
    <groups>
      <group name="Regression_test">
        <method signature="Working_with_Cnt_TC_baseclassTest.Contacts_06()[pri:0, instance:contacts.Working_with_Cnt_TC_baseclassTest@4470fbd6]" name="Contacts_06" class="contacts.Working_with_Cnt_TC_baseclassTest"/>
        <method signature="Working_with_Cnt_TC_baseclassTest.contacs_02()[pri:0, instance:contacts.Working_with_Cnt_TC_baseclassTest@4470fbd6]" name="contacs_02" class="contacts.Working_with_Cnt_TC_baseclassTest"/>
      </group> <!-- Regression_test -->
      <group name="Smoke_Test">
        <method signature="Working_with_Cnt_TC_baseclassTest.contacts_01()[pri:0, instance:contacts.Working_with_Cnt_TC_baseclassTest@4470fbd6]" name="contacts_01" class="contacts.Working_with_Cnt_TC_baseclassTest"/>
      </group> <!-- Smoke_Test -->
    </groups>
    <test started-at="2025-03-03T05:02:16Z" name="Default test" finished-at="2025-03-03T05:04:53Z" duration-ms="156745">
      <class name="contacts.Working_with_Cnt_TC_baseclassTest">
        <test-method is-config="true" signature="configBS()[pri:0, instance:contacts.Working_with_Cnt_TC_baseclassTest@4470fbd6]" started-at="2025-03-03T05:02:16Z" name="configBS" finished-at="2025-03-03T05:02:16Z" duration-ms="406" status="PASS">
          <reporter-output>
          </reporter-output>
        </test-method> <!-- configBS -->
        <test-method is-config="true" signature="configBC()[pri:0, instance:contacts.Working_with_Cnt_TC_baseclassTest@4470fbd6]" started-at="2025-03-03T05:02:16Z" name="configBC" finished-at="2025-03-03T05:02:23Z" duration-ms="7272" status="PASS">
          <reporter-output>
          </reporter-output>
        </test-method> <!-- configBC -->
        <test-method is-config="true" signature="configBM()[pri:0, instance:contacts.Working_with_Cnt_TC_baseclassTest@4470fbd6]" started-at="2025-03-03T05:02:23Z" name="configBM" finished-at="2025-03-03T05:02:54Z" duration-ms="31033" status="PASS">
          <reporter-output>
          </reporter-output>
        </test-method> <!-- configBM -->
        <test-method signature="Contacts_06()[pri:0, instance:contacts.Working_with_Cnt_TC_baseclassTest@4470fbd6]" started-at="2025-03-03T05:02:54Z" name="Contacts_06" finished-at="2025-03-03T05:04:08Z" duration-ms="73453" status="PASS">
          <reporter-output>
          </reporter-output>
        </test-method> <!-- Contacts_06 -->
        <test-method is-config="true" signature="configAM()[pri:0, instance:contacts.Working_with_Cnt_TC_baseclassTest@4470fbd6]" started-at="2025-03-03T05:04:08Z" name="configAM" finished-at="2025-03-03T05:04:12Z" duration-ms="4210" status="PASS">
          <reporter-output>
          </reporter-output>
        </test-method> <!-- configAM -->
        <test-method is-config="true" signature="configBM()[pri:0, instance:contacts.Working_with_Cnt_TC_baseclassTest@4470fbd6]" started-at="2025-03-03T05:04:12Z" name="configBM" finished-at="2025-03-03T05:04:16Z" duration-ms="3672" status="PASS">
          <reporter-output>
          </reporter-output>
        </test-method> <!-- configBM -->
        <test-method signature="contacs_02()[pri:0, instance:contacts.Working_with_Cnt_TC_baseclassTest@4470fbd6]" started-at="2025-03-03T05:04:16Z" name="contacs_02" finished-at="2025-03-03T05:04:29Z" duration-ms="13625" status="PASS">
          <reporter-output>
          </reporter-output>
        </test-method> <!-- contacs_02 -->
        <test-method is-config="true" signature="configAM()[pri:0, instance:contacts.Working_with_Cnt_TC_baseclassTest@4470fbd6]" started-at="2025-03-03T05:04:29Z" name="configAM" finished-at="2025-03-03T05:04:32Z" duration-ms="2302" status="PASS">
          <reporter-output>
          </reporter-output>
        </test-method> <!-- configAM -->
        <test-method is-config="true" signature="configBM()[pri:0, instance:contacts.Working_with_Cnt_TC_baseclassTest@4470fbd6]" started-at="2025-03-03T05:04:32Z" name="configBM" finished-at="2025-03-03T05:04:36Z" duration-ms="4551" status="PASS">
          <reporter-output>
          </reporter-output>
        </test-method> <!-- configBM -->
        <test-method signature="contacts_01()[pri:0, instance:contacts.Working_with_Cnt_TC_baseclassTest@4470fbd6]" started-at="2025-03-03T05:04:36Z" name="contacts_01" finished-at="2025-03-03T05:04:50Z" duration-ms="13918" status="PASS">
          <reporter-output>
          </reporter-output>
        </test-method> <!-- contacts_01 -->
        <test-method is-config="true" signature="configAM()[pri:0, instance:contacts.Working_with_Cnt_TC_baseclassTest@4470fbd6]" started-at="2025-03-03T05:04:50Z" name="configAM" finished-at="2025-03-03T05:04:52Z" duration-ms="2288" status="PASS">
          <reporter-output>
          </reporter-output>
        </test-method> <!-- configAM -->
        <test-method is-config="true" signature="configAC()[pri:0, instance:contacts.Working_with_Cnt_TC_baseclassTest@4470fbd6]" started-at="2025-03-03T05:04:52Z" name="configAC" finished-at="2025-03-03T05:04:53Z" duration-ms="378" status="PASS">
          <reporter-output>
          </reporter-output>
        </test-method> <!-- configAC -->
        <test-method is-config="true" signature="configAS()[pri:0, instance:contacts.Working_with_Cnt_TC_baseclassTest@4470fbd6]" started-at="2025-03-03T05:04:53Z" name="configAS" finished-at="2025-03-03T05:04:53Z" duration-ms="10" status="PASS">
          <reporter-output>
          </reporter-output>
        </test-method> <!-- configAS -->
      </class> <!-- contacts.Working_with_Cnt_TC_baseclassTest -->
    </test> <!-- Default test -->
  </suite> <!-- Default suite -->
</testng-results>
